{"numFailedTestSuites":0,"numFailedTests":0,"numPassedTestSuites":6,"numPassedTests":23,"numPendingTestSuites":0,"numPendingTests":0,"numRuntimeErrorTestSuites":0,"numTodoTests":0,"numTotalTestSuites":6,"numTotalTests":23,"openHandles":[],"snapshot":{"added":0,"didUpdate":false,"failure":false,"filesAdded":0,"filesRemoved":0,"filesRemovedList":[],"filesUnmatched":0,"filesUpdated":0,"matched":0,"total":0,"unchecked":0,"uncheckedKeysByFile":[],"unmatched":0,"updated":0},"startTime":1643926464552,"success":true,"testResults":[{"leaks":false,"numFailingTests":0,"numPassingTests":3,"numPendingTests":0,"numTodoTests":0,"openHandles":[],"perfStats":{"end":1643926467335,"runtime":2214,"slow":false,"start":1643926465121},"skipped":false,"snapshot":{"added":0,"fileDeleted":false,"matched":0,"unchecked":0,"uncheckedKeys":[],"unmatched":0,"updated":0},"testFilePath":"F:\\dev\\advanced_web_dev\\redux\\react_redux\\src\\redux\\reducers\\__tests__\\reducers.test.js","testResults":[{"ancestorTitles":["playersReducer"],"duration":1,"failureDetails":[],"failureMessages":[],"fullName":"playersReducer should return the initial state when no matching type in switch-case","invocations":1,"location":null,"numPassingAsserts":0,"status":"passed","title":"should return the initial state when no matching type in switch-case"},{"ancestorTitles":["playersReducer"],"duration":47,"failureDetails":[],"failureMessages":[],"fullName":"playersReducer should handle ADD_PLAYER by adding it to the state","invocations":1,"location":null,"numPassingAsserts":0,"status":"passed","title":"should handle ADD_PLAYER by adding it to the state"},{"ancestorTitles":["playersReducer"],"duration":2,"failureDetails":[],"failureMessages":[],"fullName":"playersReducer should handle REMOVE_PLAYER by removing a player whose id === payload from the store","invocations":1,"location":null,"numPassingAsserts":0,"status":"passed","title":"should handle REMOVE_PLAYER by removing a player whose id === payload from the store"}],"failureMessage":null},{"leaks":false,"numFailingTests":0,"numPassingTests":2,"numPendingTests":0,"numTodoTests":0,"openHandles":[],"perfStats":{"end":1643926467369,"runtime":2248,"slow":false,"start":1643926465121},"skipped":false,"snapshot":{"added":0,"fileDeleted":false,"matched":0,"unchecked":0,"uncheckedKeys":[],"unmatched":0,"updated":0},"testFilePath":"F:\\dev\\advanced_web_dev\\redux\\react_redux\\src\\redux\\actionCreators\\__tests__\\ActionCreators.test.js","testResults":[{"ancestorTitles":["Testing action creators","addPlayer:"],"duration":3,"failureDetails":[],"failureMessages":[],"fullName":"Testing action creators addPlayer: returns an action with type ADD_PLAYER to the frontends reducers","invocations":1,"location":null,"numPassingAsserts":0,"status":"passed","title":"returns an action with type ADD_PLAYER to the frontends reducers"},{"ancestorTitles":["Testing action creators","removePlayer:"],"duration":1,"failureDetails":[],"failureMessages":[],"fullName":"Testing action creators removePlayer: returns an action with type ADD_PLAYER to the frontends reducers","invocations":1,"location":null,"numPassingAsserts":0,"status":"passed","title":"returns an action with type ADD_PLAYER to the frontends reducers"}],"failureMessage":null},{"leaks":false,"numFailingTests":0,"numPassingTests":5,"numPendingTests":0,"numTodoTests":0,"openHandles":[],"perfStats":{"end":1643926467461,"runtime":2339,"slow":false,"start":1643926465122},"skipped":false,"snapshot":{"added":0,"fileDeleted":false,"matched":0,"unchecked":0,"uncheckedKeys":[],"unmatched":0,"updated":0},"testFilePath":"F:\\dev\\advanced_web_dev\\redux\\react_redux\\src\\redux\\__tests__\\store.test.js","testResults":[{"ancestorTitles":["addPlayer"],"duration":51,"failureDetails":[],"failureMessages":[],"fullName":"addPlayer adds properly","invocations":1,"location":null,"numPassingAsserts":0,"status":"passed","title":"adds properly"},{"ancestorTitles":["addPlayer"],"duration":3,"failureDetails":[],"failureMessages":[],"fullName":"addPlayer adds correct players (names)","invocations":1,"location":null,"numPassingAsserts":0,"status":"passed","title":"adds correct players (names)"},{"ancestorTitles":["addPlayer"],"duration":3,"failureDetails":[],"failureMessages":[],"fullName":"addPlayer adds correct activity values","invocations":1,"location":null,"numPassingAsserts":0,"status":"passed","title":"adds correct activity values"},{"ancestorTitles":["removePlayers"],"duration":3,"failureDetails":[],"failureMessages":[],"fullName":"removePlayers removes one player","invocations":1,"location":null,"numPassingAsserts":0,"status":"passed","title":"removes one player"},{"ancestorTitles":["removePlayers"],"duration":2,"failureDetails":[],"failureMessages":[],"fullName":"removePlayers removes all players","invocations":1,"location":null,"numPassingAsserts":0,"status":"passed","title":"removes all players"}],"failureMessage":null},{"leaks":false,"numFailingTests":0,"numPassingTests":5,"numPendingTests":0,"numTodoTests":0,"openHandles":[],"perfStats":{"end":1643926468607,"runtime":2490,"slow":false,"start":1643926466117},"skipped":false,"snapshot":{"added":0,"fileDeleted":false,"matched":0,"unchecked":0,"uncheckedKeys":[],"unmatched":0,"updated":0},"testFilePath":"F:\\dev\\advanced_web_dev\\redux\\react_redux\\src\\components\\__tests__\\AddPlayer.test.js","testResults":[{"ancestorTitles":[],"duration":31,"failureDetails":[],"failureMessages":[],"fullName":"Renders a form","invocations":1,"location":null,"numPassingAsserts":0,"status":"passed","title":"Renders a form"},{"ancestorTitles":[],"duration":6,"failureDetails":[],"failureMessages":[],"fullName":"Form includes text input for player name","invocations":1,"location":null,"numPassingAsserts":0,"status":"passed","title":"Form includes text input for player name"},{"ancestorTitles":[],"duration":5,"failureDetails":[],"failureMessages":[],"fullName":"Form includes checkbox for player activity","invocations":1,"location":null,"numPassingAsserts":0,"status":"passed","title":"Form includes checkbox for player activity"},{"ancestorTitles":[],"duration":39,"failureDetails":[],"failureMessages":[],"fullName":"Form includes a submit button","invocations":1,"location":null,"numPassingAsserts":0,"status":"passed","title":"Form includes a submit button"},{"ancestorTitles":[],"duration":11,"failureDetails":[],"failureMessages":[],"fullName":"addPlayer is dispatched when form is submitted with played info","invocations":1,"location":null,"numPassingAsserts":0,"status":"passed","title":"addPlayer is dispatched when form is submitted with played info"}],"failureMessage":null},{"leaks":false,"numFailingTests":0,"numPassingTests":4,"numPendingTests":0,"numTodoTests":0,"openHandles":[],"perfStats":{"end":1643926468780,"runtime":2643,"slow":false,"start":1643926466137},"skipped":false,"snapshot":{"added":0,"fileDeleted":false,"matched":0,"unchecked":0,"uncheckedKeys":[],"unmatched":0,"updated":0},"testFilePath":"F:\\dev\\advanced_web_dev\\redux\\react_redux\\src\\components\\__tests__\\PlayersList.test.js","testResults":[{"ancestorTitles":[],"duration":109,"failureDetails":[],"failureMessages":[],"fullName":"renders a list with id \"players-list\"","invocations":1,"location":null,"numPassingAsserts":0,"status":"passed","title":"renders a list with id \"players-list\""},{"ancestorTitles":[],"duration":14,"failureDetails":[],"failureMessages":[],"fullName":"renders a list with id \"players-list\"","invocations":1,"location":null,"numPassingAsserts":0,"status":"passed","title":"renders a list with id \"players-list\""},{"ancestorTitles":[],"duration":24,"failureDetails":[],"failureMessages":[],"fullName":"list contains as many items as there are in players prop","invocations":1,"location":null,"numPassingAsserts":0,"status":"passed","title":"list contains as many items as there are in players prop"},{"ancestorTitles":[],"duration":13,"failureDetails":[],"failureMessages":[],"fullName":"list items have ids of the form \"player-{id}\"","invocations":1,"location":null,"numPassingAsserts":0,"status":"passed","title":"list items have ids of the form \"player-{id}\""}],"failureMessage":null},{"leaks":false,"numFailingTests":0,"numPassingTests":4,"numPendingTests":0,"numTodoTests":0,"openHandles":[],"perfStats":{"end":1643926468989,"runtime":2850,"slow":false,"start":1643926466139},"skipped":false,"snapshot":{"added":0,"fileDeleted":false,"matched":0,"unchecked":0,"uncheckedKeys":[],"unmatched":0,"updated":0},"testFilePath":"F:\\dev\\advanced_web_dev\\redux\\react_redux\\src\\__tests__\\App.test.js","testResults":[{"ancestorTitles":[],"duration":118,"failureDetails":[],"failureMessages":[],"fullName":"renders a list with id \"players-list\"","invocations":1,"location":null,"numPassingAsserts":0,"status":"passed","title":"renders a list with id \"players-list\""},{"ancestorTitles":[],"duration":93,"failureDetails":[],"failureMessages":[],"fullName":"should add a new player to store\"","invocations":1,"location":null,"numPassingAsserts":0,"status":"passed","title":"should add a new player to store\""},{"ancestorTitles":[],"duration":38,"failureDetails":[],"failureMessages":[],"fullName":"should send REMOVE_PLAYER request to backend when \"Remove\" button is clicked","invocations":1,"location":null,"numPassingAsserts":0,"status":"passed","title":"should send REMOVE_PLAYER request to backend when \"Remove\" button is clicked"},{"ancestorTitles":[],"duration":21,"failureDetails":[],"failureMessages":[],"fullName":"should send REMOVE_PLAYER request with correct payload","invocations":1,"location":null,"numPassingAsserts":0,"status":"passed","title":"should send REMOVE_PLAYER request with correct payload"}],"failureMessage":null}],"wasInterrupted":false}