{"numFailedTestSuites":0,"numFailedTests":0,"numPassedTestSuites":4,"numPassedTests":11,"numPendingTestSuites":0,"numPendingTests":0,"numRuntimeErrorTestSuites":0,"numTodoTests":0,"numTotalTestSuites":4,"numTotalTests":11,"openHandles":[],"snapshot":{"added":0,"didUpdate":false,"failure":false,"filesAdded":0,"filesRemoved":0,"filesRemovedList":[],"filesUnmatched":0,"filesUpdated":0,"matched":0,"total":0,"unchecked":0,"uncheckedKeysByFile":[],"unmatched":0,"updated":0},"startTime":1643320815637,"success":true,"testResults":[{"failureMessage":null,"numFailingTests":0,"numPassingTests":5,"numPendingTests":0,"numTodoTests":0,"perfStats":{"end":1643320821623,"start":1643320818566},"snapshot":{"added":0,"fileDeleted":false,"matched":0,"unchecked":0,"unmatched":0,"updated":0,"uncheckedKeys":[]},"testFilePath":"F:\\dev\\advanced_web_dev\\vuex\\players_CRUD\\tests\\unit\\App.spec.js","testResults":[{"ancestorTitles":["App"],"duration":2,"failureMessages":[],"fullName":"App has components with methods","location":null,"numPassingAsserts":0,"status":"passed","title":"has components with methods"},{"ancestorTitles":["Players"],"duration":1,"failureMessages":[],"fullName":"Players has required methods","location":null,"numPassingAsserts":0,"status":"passed","title":"has required methods"},{"ancestorTitles":["Players"],"duration":1,"failureMessages":[],"fullName":"Players has methods as mapped actions","location":null,"numPassingAsserts":0,"status":"passed","title":"has methods as mapped actions"},{"ancestorTitles":["Remove"],"duration":0,"failureMessages":[],"fullName":"Remove has required methods","location":null,"numPassingAsserts":0,"status":"passed","title":"has required methods"},{"ancestorTitles":["Remove"],"duration":0,"failureMessages":[],"fullName":"Remove has some methods as mapped actions","location":null,"numPassingAsserts":0,"status":"passed","title":"has some methods as mapped actions"}],"skipped":false,"leaks":false},{"failureMessage":null,"numFailingTests":0,"numPassingTests":2,"numPendingTests":0,"numTodoTests":0,"perfStats":{"end":1643320821682,"start":1643320818567},"snapshot":{"added":0,"fileDeleted":false,"matched":0,"unchecked":0,"unmatched":0,"updated":0,"uncheckedKeys":[]},"testFilePath":"F:\\dev\\advanced_web_dev\\vuex\\players_CRUD\\tests\\unit\\Status.spec.js","testResults":[{"ancestorTitles":["Status"],"duration":17,"failureMessages":[],"fullName":"Status renders without notification","location":null,"numPassingAsserts":0,"status":"passed","title":"renders without notification"},{"ancestorTitles":["Status"],"duration":22,"failureMessages":[],"fullName":"Status adds alert if the last player is removed with delay","location":null,"numPassingAsserts":0,"status":"passed","title":"adds alert if the last player is removed with delay"}],"skipped":false,"leaks":false},{"failureMessage":null,"numFailingTests":0,"numPassingTests":2,"numPendingTests":0,"numTodoTests":0,"perfStats":{"end":1643320822697,"start":1643320818568},"snapshot":{"added":0,"fileDeleted":false,"matched":0,"unchecked":0,"unmatched":0,"updated":0,"uncheckedKeys":[]},"testFilePath":"F:\\dev\\advanced_web_dev\\vuex\\players_CRUD\\tests\\unit\\Players.spec.js","testResults":[{"ancestorTitles":["Players"],"duration":537,"failureMessages":[],"fullName":"Players calls an \"add player\" action when form is submitted","location":null,"numPassingAsserts":0,"status":"passed","title":"calls an \"add player\" action when form is submitted"},{"ancestorTitles":["Players"],"duration":515,"failureMessages":[],"fullName":"Players adds a list item when form is submitted","location":null,"numPassingAsserts":0,"status":"passed","title":"adds a list item when form is submitted"}],"skipped":false,"leaks":false},{"failureMessage":null,"numFailingTests":0,"numPassingTests":2,"numPendingTests":0,"numTodoTests":0,"perfStats":{"end":1643320822696,"start":1643320818567},"snapshot":{"added":0,"fileDeleted":false,"matched":0,"unchecked":0,"unmatched":0,"updated":0,"uncheckedKeys":[]},"testFilePath":"F:\\dev\\advanced_web_dev\\vuex\\players_CRUD\\tests\\unit\\Remove.spec.js","testResults":[{"ancestorTitles":["Remove"],"duration":535,"failureMessages":[],"fullName":"Remove calls an \"remove player\" action when the rm_last is clicked","location":null,"numPassingAsserts":0,"status":"passed","title":"calls an \"remove player\" action when the rm_last is clicked"},{"ancestorTitles":["Remove"],"duration":515,"failureMessages":[],"fullName":"Remove removes list items when the rm_last is clicked","location":null,"numPassingAsserts":0,"status":"passed","title":"removes list items when the rm_last is clicked"}],"skipped":false,"leaks":false}],"wasInterrupted":false}